<?xml version="1.0" encoding="UTF-8"?>
<!-- Generated by org.testng.reporters.JUnitXMLReporter -->
<testsuite ignored="0" hostname="Zafar" failures="0" tests="4" name="Default test" time="14.047" errors="0" timestamp="2023-04-11T00:38:07 IST">
  <testcase classname="api.test.UserTest2" name="testPostUser" time="5.359"/>
  <testcase classname="api.test.UserTest2" name="testGetUserByName" time="1.644"/>
  <testcase classname="api.test.UserTest2" name="testUpdateByUserName" time="3.646"/>
  <testcase classname="api.test.UserTest2" name="testDeleteByName" time="2.04"/>
</testsuite> <!-- Default test -->
