<?xml version="1.0" encoding="UTF-8"?>
<!-- Generated by org.testng.reporters.JUnitXMLReporter -->
<testsuite ignored="0" hostname="Zafar" failures="0" tests="3" name="Group2" time="0.08" errors="0" timestamp="2023-02-28T15:32:08 IST">
  <testcase classname="TestNgPrectice.DemoTest2" name="test1" time="0.008"/>
  <testcase classname="TestNgPrectice.DemoTest2" name="test2" time="0.004">
    <skipped/>
  </testcase> <!-- test2 -->
  <testcase classname="TestNgPrectice.DemoTest2" name="test2" time="0.001">
    <skipped/>
  </testcase> <!-- test2 -->
</testsuite> <!-- Group2 -->
