<?xml version="1.0" encoding="UTF-8"?>
<!-- Generated by org.testng.reporters.JUnitXMLReporter -->
<testsuite ignored="0" hostname="Zafar" failures="0" tests="4" name="methods" time="1.888" errors="0" timestamp="2023-02-28T09:51:34 IST">
  <testcase classname="com.tyss.genricUtility.ConfigerClass.MainClass" name="@BeforeClass initiallizeUtility" time="1.587">
    <failure type="java.lang.NullPointerException" message="Cannot invoke &amp;quot;String.isBlank()&amp;quot; because &amp;quot;browser&amp;quot; is null">
      <![CDATA[java.lang.NullPointerException: Cannot invoke "String.isBlank()" because "browser" is null
at com.tyss.genricUtility.ConfigerClass.MainClass.initiallizeUtility(MainClass.java:56)
at java.base/java.util.concurrent.ThreadPoolExecutor.runWorker(ThreadPoolExecutor.java:1130)
at java.base/java.util.concurrent.ThreadPoolExecutor$Worker.run(ThreadPoolExecutor.java:630)
at java.base/java.lang.Thread.run(Thread.java:831)
... Removed 10 stack frames]]>
    </failure>
  </testcase> <!-- @BeforeClass initiallizeUtility -->
  <testcase classname="com.tyss.genricUtility.ConfigerClass.MainClass" name="@BeforeClass initiallizeUtility" time="1.587">
    <failure type="java.lang.NullPointerException" message="Cannot invoke &amp;quot;String.isBlank()&amp;quot; because &amp;quot;browser&amp;quot; is null">
      <![CDATA[java.lang.NullPointerException: Cannot invoke "String.isBlank()" because "browser" is null
at com.tyss.genricUtility.ConfigerClass.MainClass.initiallizeUtility(MainClass.java:56)
at java.base/java.util.concurrent.ThreadPoolExecutor.runWorker(ThreadPoolExecutor.java:1130)
at java.base/java.util.concurrent.ThreadPoolExecutor$Worker.run(ThreadPoolExecutor.java:630)
at java.base/java.lang.Thread.run(Thread.java:831)
... Removed 10 stack frames]]>
    </failure>
  </testcase> <!-- @BeforeClass initiallizeUtility -->
  <testcase classname="com.tyss.genricUtility.ConfigerClass.MainClass" name="@BeforeMethod loginApp" time="0.05">
    <failure type="java.lang.NullPointerException" message="Cannot invoke &amp;quot;org.openqa.selenium.SearchContext.findElement(org.openqa.selenium.By)&amp;quot; because &amp;quot;this.searchContext&amp;quot; is null">
      <![CDATA[java.lang.NullPointerException: Cannot invoke "org.openqa.selenium.SearchContext.findElement(org.openqa.selenium.By)" because "this.searchContext" is null
at org.openqa.selenium.support.pagefactory.DefaultElementLocator.findElement(DefaultElementLocator.java:69)
at org.openqa.selenium.support.pagefactory.internal.LocatingElementHandler.invoke(LocatingElementHandler.java:38)
at jdk.proxy2/jdk.proxy2.$Proxy17.sendKeys(Unknown Source)
at com.lims.objectRepository.elements.LimsLoginPage.loginAction(LimsLoginPage.java:43)
at com.tyss.genricUtility.ConfigerClass.MainClass.loginApp(MainClass.java:89)
at java.base/java.util.concurrent.ThreadPoolExecutor.runWorker(ThreadPoolExecutor.java:1130)
at java.base/java.util.concurrent.ThreadPoolExecutor$Worker.run(ThreadPoolExecutor.java:630)
at java.base/java.lang.Thread.run(Thread.java:831)
... Removed 16 stack frames]]>
    </failure>
  </testcase> <!-- @BeforeMethod loginApp -->
  <testcase classname="com.tyss.genricUtility.ConfigerClass.MainClass" name="@BeforeMethod loginApp" time="0.05">
    <failure type="java.lang.NullPointerException" message="Cannot invoke &amp;quot;org.openqa.selenium.SearchContext.findElement(org.openqa.selenium.By)&amp;quot; because &amp;quot;this.searchContext&amp;quot; is null">
      <![CDATA[java.lang.NullPointerException: Cannot invoke "org.openqa.selenium.SearchContext.findElement(org.openqa.selenium.By)" because "this.searchContext" is null
at org.openqa.selenium.support.pagefactory.DefaultElementLocator.findElement(DefaultElementLocator.java:69)
at org.openqa.selenium.support.pagefactory.internal.LocatingElementHandler.invoke(LocatingElementHandler.java:38)
at jdk.proxy2/jdk.proxy2.$Proxy17.sendKeys(Unknown Source)
at com.lims.objectRepository.elements.LimsLoginPage.loginAction(LimsLoginPage.java:43)
at com.tyss.genricUtility.ConfigerClass.MainClass.loginApp(MainClass.java:89)
at java.base/java.util.concurrent.ThreadPoolExecutor.runWorker(ThreadPoolExecutor.java:1130)
at java.base/java.util.concurrent.ThreadPoolExecutor$Worker.run(ThreadPoolExecutor.java:630)
at java.base/java.lang.Thread.run(Thread.java:831)
... Removed 16 stack frames]]>
    </failure>
  </testcase> <!-- @BeforeMethod loginApp -->
  <testcase classname="com.tyss.genricUtility.ConfigerClass.MainClass" name="@AfterMethod LogoutApp" time="0.002">
    <failure type="java.lang.NullPointerException" message="Cannot invoke &amp;quot;com.lims.objectRepository.elements.LimsHomePagaeCommonEle.clickOnLogoutBtn()&amp;quot; because &amp;quot;this.homePage&amp;quot; is null">
      <![CDATA[java.lang.NullPointerException: Cannot invoke "com.lims.objectRepository.elements.LimsHomePagaeCommonEle.clickOnLogoutBtn()" because "this.homePage" is null
at com.tyss.genricUtility.ConfigerClass.MainClass.LogoutApp(MainClass.java:102)
at java.base/java.util.concurrent.ThreadPoolExecutor.runWorker(ThreadPoolExecutor.java:1130)
at java.base/java.util.concurrent.ThreadPoolExecutor$Worker.run(ThreadPoolExecutor.java:630)
at java.base/java.lang.Thread.run(Thread.java:831)
... Removed 17 stack frames]]>
    </failure>
  </testcase> <!-- @AfterMethod LogoutApp -->
  <testcase classname="com.tyss.genricUtility.ConfigerClass.MainClass" name="@AfterMethod LogoutApp" time="0.0">
    <failure type="java.lang.NullPointerException" message="Cannot invoke &amp;quot;com.lims.objectRepository.elements.LimsHomePagaeCommonEle.clickOnLogoutBtn()&amp;quot; because &amp;quot;this.homePage&amp;quot; is null">
      <![CDATA[java.lang.NullPointerException: Cannot invoke "com.lims.objectRepository.elements.LimsHomePagaeCommonEle.clickOnLogoutBtn()" because "this.homePage" is null
at com.tyss.genricUtility.ConfigerClass.MainClass.LogoutApp(MainClass.java:102)
at java.base/java.util.concurrent.ThreadPoolExecutor.runWorker(ThreadPoolExecutor.java:1130)
at java.base/java.util.concurrent.ThreadPoolExecutor$Worker.run(ThreadPoolExecutor.java:630)
at java.base/java.lang.Thread.run(Thread.java:831)
... Removed 17 stack frames]]>
    </failure>
  </testcase> <!-- @AfterMethod LogoutApp -->
  <testcase classname="com.tyss.genricUtility.ConfigerClass.MainClass" name="@AfterClass tearDown" time="0.0">
    <failure type="java.lang.NullPointerException" message="Cannot invoke &amp;quot;org.openqa.selenium.WebDriver.quit()&amp;quot; because &amp;quot;this.driver&amp;quot; is null">
      <![CDATA[java.lang.NullPointerException: Cannot invoke "org.openqa.selenium.WebDriver.quit()" because "this.driver" is null
at WebAction.SeleniumUtility.closeBrowser(SeleniumUtility.java:127)
at com.tyss.genricUtility.ConfigerClass.MainClass.tearDown(MainClass.java:113)
at java.base/java.util.concurrent.ThreadPoolExecutor.runWorker(ThreadPoolExecutor.java:1130)
at java.base/java.util.concurrent.ThreadPoolExecutor$Worker.run(ThreadPoolExecutor.java:630)
at java.base/java.lang.Thread.run(Thread.java:831)
... Removed 10 stack frames]]>
    </failure>
  </testcase> <!-- @AfterClass tearDown -->
  <testcase classname="com.tyss.genricUtility.ConfigerClass.MainClass" name="@AfterClass tearDown" time="0.001">
    <failure type="java.lang.NullPointerException" message="Cannot invoke &amp;quot;org.openqa.selenium.WebDriver.quit()&amp;quot; because &amp;quot;this.driver&amp;quot; is null">
      <![CDATA[java.lang.NullPointerException: Cannot invoke "org.openqa.selenium.WebDriver.quit()" because "this.driver" is null
at WebAction.SeleniumUtility.closeBrowser(SeleniumUtility.java:127)
at com.tyss.genricUtility.ConfigerClass.MainClass.tearDown(MainClass.java:113)
at java.base/java.util.concurrent.ThreadPoolExecutor.runWorker(ThreadPoolExecutor.java:1130)
at java.base/java.util.concurrent.ThreadPoolExecutor$Worker.run(ThreadPoolExecutor.java:630)
at java.base/java.lang.Thread.run(Thread.java:831)
... Removed 10 stack frames]]>
    </failure>
  </testcase> <!-- @AfterClass tearDown -->
  <testcase classname="com.tyss.genricUtility.ConfigerClass.MainClass" name="@BeforeClass initiallizeUtility" time="0.153">
    <failure type="java.lang.NullPointerException" message="Cannot invoke &amp;quot;String.isBlank()&amp;quot; because &amp;quot;browser&amp;quot; is null">
      <![CDATA[java.lang.NullPointerException: Cannot invoke "String.isBlank()" because "browser" is null
at com.tyss.genricUtility.ConfigerClass.MainClass.initiallizeUtility(MainClass.java:56)
at java.base/java.util.concurrent.ThreadPoolExecutor.runWorker(ThreadPoolExecutor.java:1130)
at java.base/java.util.concurrent.ThreadPoolExecutor$Worker.run(ThreadPoolExecutor.java:630)
at java.base/java.lang.Thread.run(Thread.java:831)
... Removed 10 stack frames]]>
    </failure>
  </testcase> <!-- @BeforeClass initiallizeUtility -->
  <testcase classname="com.tyss.genricUtility.ConfigerClass.MainClass" name="@BeforeClass initiallizeUtility" time="0.152">
    <failure type="java.lang.NullPointerException" message="Cannot invoke &amp;quot;String.isBlank()&amp;quot; because &amp;quot;browser&amp;quot; is null">
      <![CDATA[java.lang.NullPointerException: Cannot invoke "String.isBlank()" because "browser" is null
at com.tyss.genricUtility.ConfigerClass.MainClass.initiallizeUtility(MainClass.java:56)
at java.base/java.util.concurrent.ThreadPoolExecutor.runWorker(ThreadPoolExecutor.java:1130)
at java.base/java.util.concurrent.ThreadPoolExecutor$Worker.run(ThreadPoolExecutor.java:630)
at java.base/java.lang.Thread.run(Thread.java:831)
... Removed 10 stack frames]]>
    </failure>
  </testcase> <!-- @BeforeClass initiallizeUtility -->
  <testcase classname="com.tyss.genricUtility.ConfigerClass.MainClass" name="@BeforeMethod loginApp" time="0.001">
    <failure type="java.lang.NullPointerException" message="Cannot invoke &amp;quot;org.openqa.selenium.SearchContext.findElement(org.openqa.selenium.By)&amp;quot; because &amp;quot;this.searchContext&amp;quot; is null">
      <![CDATA[java.lang.NullPointerException: Cannot invoke "org.openqa.selenium.SearchContext.findElement(org.openqa.selenium.By)" because "this.searchContext" is null
at org.openqa.selenium.support.pagefactory.DefaultElementLocator.findElement(DefaultElementLocator.java:69)
at org.openqa.selenium.support.pagefactory.internal.LocatingElementHandler.invoke(LocatingElementHandler.java:38)
at jdk.proxy2/jdk.proxy2.$Proxy17.sendKeys(Unknown Source)
at com.lims.objectRepository.elements.LimsLoginPage.loginAction(LimsLoginPage.java:43)
at com.tyss.genricUtility.ConfigerClass.MainClass.loginApp(MainClass.java:89)
at java.base/java.util.concurrent.ThreadPoolExecutor.runWorker(ThreadPoolExecutor.java:1130)
at java.base/java.util.concurrent.ThreadPoolExecutor$Worker.run(ThreadPoolExecutor.java:630)
at java.base/java.lang.Thread.run(Thread.java:831)
... Removed 16 stack frames]]>
    </failure>
  </testcase> <!-- @BeforeMethod loginApp -->
  <testcase classname="com.tyss.genricUtility.ConfigerClass.MainClass" name="@BeforeMethod loginApp" time="0.001">
    <failure type="java.lang.NullPointerException" message="Cannot invoke &amp;quot;org.openqa.selenium.SearchContext.findElement(org.openqa.selenium.By)&amp;quot; because &amp;quot;this.searchContext&amp;quot; is null">
      <![CDATA[java.lang.NullPointerException: Cannot invoke "org.openqa.selenium.SearchContext.findElement(org.openqa.selenium.By)" because "this.searchContext" is null
at org.openqa.selenium.support.pagefactory.DefaultElementLocator.findElement(DefaultElementLocator.java:69)
at org.openqa.selenium.support.pagefactory.internal.LocatingElementHandler.invoke(LocatingElementHandler.java:38)
at jdk.proxy2/jdk.proxy2.$Proxy17.sendKeys(Unknown Source)
at com.lims.objectRepository.elements.LimsLoginPage.loginAction(LimsLoginPage.java:43)
at com.tyss.genricUtility.ConfigerClass.MainClass.loginApp(MainClass.java:89)
at java.base/java.util.concurrent.ThreadPoolExecutor.runWorker(ThreadPoolExecutor.java:1130)
at java.base/java.util.concurrent.ThreadPoolExecutor$Worker.run(ThreadPoolExecutor.java:630)
at java.base/java.lang.Thread.run(Thread.java:831)
... Removed 16 stack frames]]>
    </failure>
  </testcase> <!-- @BeforeMethod loginApp -->
  <testcase classname="com.tyss.genricUtility.ConfigerClass.MainClass" name="@AfterMethod LogoutApp" time="0.001">
    <failure type="java.lang.NullPointerException" message="Cannot invoke &amp;quot;com.lims.objectRepository.elements.LimsHomePagaeCommonEle.clickOnLogoutBtn()&amp;quot; because &amp;quot;this.homePage&amp;quot; is null">
      <![CDATA[java.lang.NullPointerException: Cannot invoke "com.lims.objectRepository.elements.LimsHomePagaeCommonEle.clickOnLogoutBtn()" because "this.homePage" is null
at com.tyss.genricUtility.ConfigerClass.MainClass.LogoutApp(MainClass.java:102)
at java.base/java.util.concurrent.ThreadPoolExecutor.runWorker(ThreadPoolExecutor.java:1130)
at java.base/java.util.concurrent.ThreadPoolExecutor$Worker.run(ThreadPoolExecutor.java:630)
at java.base/java.lang.Thread.run(Thread.java:831)
... Removed 17 stack frames]]>
    </failure>
  </testcase> <!-- @AfterMethod LogoutApp -->
  <testcase classname="com.tyss.genricUtility.ConfigerClass.MainClass" name="@AfterMethod LogoutApp" time="0.0">
    <failure type="java.lang.NullPointerException" message="Cannot invoke &amp;quot;com.lims.objectRepository.elements.LimsHomePagaeCommonEle.clickOnLogoutBtn()&amp;quot; because &amp;quot;this.homePage&amp;quot; is null">
      <![CDATA[java.lang.NullPointerException: Cannot invoke "com.lims.objectRepository.elements.LimsHomePagaeCommonEle.clickOnLogoutBtn()" because "this.homePage" is null
at com.tyss.genricUtility.ConfigerClass.MainClass.LogoutApp(MainClass.java:102)
at java.base/java.util.concurrent.ThreadPoolExecutor.runWorker(ThreadPoolExecutor.java:1130)
at java.base/java.util.concurrent.ThreadPoolExecutor$Worker.run(ThreadPoolExecutor.java:630)
at java.base/java.lang.Thread.run(Thread.java:831)
... Removed 17 stack frames]]>
    </failure>
  </testcase> <!-- @AfterMethod LogoutApp -->
  <testcase classname="com.tyss.genricUtility.ConfigerClass.MainClass" name="@AfterClass tearDown" time="0.001">
    <failure type="java.lang.NullPointerException" message="Cannot invoke &amp;quot;org.openqa.selenium.WebDriver.quit()&amp;quot; because &amp;quot;this.driver&amp;quot; is null">
      <![CDATA[java.lang.NullPointerException: Cannot invoke "org.openqa.selenium.WebDriver.quit()" because "this.driver" is null
at WebAction.SeleniumUtility.closeBrowser(SeleniumUtility.java:127)
at com.tyss.genricUtility.ConfigerClass.MainClass.tearDown(MainClass.java:113)
at java.base/java.util.concurrent.ThreadPoolExecutor.runWorker(ThreadPoolExecutor.java:1130)
at java.base/java.util.concurrent.ThreadPoolExecutor$Worker.run(ThreadPoolExecutor.java:630)
at java.base/java.lang.Thread.run(Thread.java:831)
... Removed 10 stack frames]]>
    </failure>
  </testcase> <!-- @AfterClass tearDown -->
  <testcase classname="com.tyss.genricUtility.ConfigerClass.MainClass" name="@AfterClass tearDown" time="0.001">
    <failure type="java.lang.NullPointerException" message="Cannot invoke &amp;quot;org.openqa.selenium.WebDriver.quit()&amp;quot; because &amp;quot;this.driver&amp;quot; is null">
      <![CDATA[java.lang.NullPointerException: Cannot invoke "org.openqa.selenium.WebDriver.quit()" because "this.driver" is null
at WebAction.SeleniumUtility.closeBrowser(SeleniumUtility.java:127)
at com.tyss.genricUtility.ConfigerClass.MainClass.tearDown(MainClass.java:113)
at java.base/java.util.concurrent.ThreadPoolExecutor.runWorker(ThreadPoolExecutor.java:1130)
at java.base/java.util.concurrent.ThreadPoolExecutor$Worker.run(ThreadPoolExecutor.java:630)
at java.base/java.lang.Thread.run(Thread.java:831)
... Removed 10 stack frames]]>
    </failure>
  </testcase> <!-- @AfterClass tearDown -->
  <testcase classname="importantTestCase.Clients_Add_Client" name="clients_Add_Client" time="0.0">
    <skipped/>
  </testcase> <!-- clients_Add_Client -->
  <testcase classname="importantTestCase.Add_Nominee" name="addNominee" time="0.0">
    <skipped/>
  </testcase> <!-- addNominee -->
  <testcase classname="importantTestCase.Client_EditClients" name="clientEditClient" time="0.0">
    <skipped/>
  </testcase> <!-- clientEditClient -->
  <testcase classname="importantTestCase.Client_Add_Payment" name="client_Add_Payment" time="0.0">
    <skipped/>
  </testcase> <!-- client_Add_Payment -->
</testsuite> <!-- methods -->
