<?xml version="1.0" encoding="UTF-8"?>
<!-- Generated by org.testng.reporters.JUnitXMLReporter -->
<testsuite ignored="0" hostname="Zafar" failures="2" tests="5" name="Test" time="13.184" errors="0" timestamp="2023-04-10T22:25:41 IST">
  <testcase classname="api.test.DataDrivenTest" name="testPosture" time="4.975"/>
  <testcase classname="api.test.DataDrivenTest" name="testPosture" time="2.069"/>
  <testcase classname="api.test.DataDrivenTest" name="testPosture" time="2.261"/>
  <testcase classname="api.test.DataDrivenTest" name="testDeleteUserName" time="2.149">
    <failure type="java.lang.AssertionError" message="expected [202] but found [200]">
      <![CDATA[java.lang.AssertionError: expected [202] but found [200]
at api.test.DataDrivenTest.testDeleteUserName(DataDrivenTest.java:62)
at java.base/java.util.ArrayList.forEach(ArrayList.java:1511)
... Removed 33 stack frames]]>
    </failure>
  </testcase> <!-- testDeleteUserName -->
  <testcase classname="api.test.DataDrivenTest" name="testDeleteUserName" time="2.229">
    <failure type="java.lang.ClassCastException" message="Cannot cast api.test.DataDrivenTest to com.tyss.genricUtility.ConfigerClass.MainClass">
      <![CDATA[java.lang.ClassCastException: Cannot cast api.test.DataDrivenTest to com.tyss.genricUtility.ConfigerClass.MainClass
at java.base/java.lang.Class.cast(Class.java:3818)
at com.tyss.genricUtility.Listener.ExtentReportListener.onTestFailure(ExtentReportListener.java:86)
at java.base/java.util.ArrayList.forEach(ArrayList.java:1511)
... Removed 24 stack frames]]>
    </failure>
  </testcase> <!-- testDeleteUserName -->
</testsuite> <!-- Test -->
