<?xml version="1.0" encoding="UTF-8"?>
<!-- Generated by org.testng.reporters.JUnitXMLReporter -->
<testsuite hostname="Zafar" ignored="0" name="Test" tests="14" failures="0" timestamp="2023-04-10T22:30:17 IST" time="21.676" errors="0">
  <testcase name="testPosture" time="5.076" classname="api.test.DataDrivenTest"/>
  <testcase name="testPosture" time="2.142" classname="api.test.DataDrivenTest"/>
  <testcase name="testPosture" time="1.916" classname="api.test.DataDrivenTest"/>
  <testcase name="testDeleteUserName" time="0.001" classname="api.test.DataDrivenTest"/>
  <testcase name="testDeleteUserName" time="0.001" classname="api.test.DataDrivenTest"/>
  <testcase name="testDeleteUserName" time="0.001" classname="api.test.DataDrivenTest"/>
  <testcase name="tes1" time="0.001" classname="api.test.DemoTest"/>
  <testcase name="tes2" time="0.001" classname="api.test.DemoTest"/>
  <testcase name="tes3" time="0.001" classname="api.test.DemoTest"/>
  <testcase name="tes4" time="0.001" classname="api.test.DemoTest"/>
  <testcase name="testPostUser" time="2.062" classname="api.test.UserTest"/>
  <testcase name="testGetUserByName" time="1.971" classname="api.test.UserTest"/>
  <testcase name="testUpdateByUserName" time="4.475" classname="api.test.UserTest"/>
  <testcase name="testDeleteByName" time="2.197" classname="api.test.UserTest"/>
</testsuite> <!-- Test -->
