<?xml version="1.0" encoding="UTF-8"?>
<!-- Generated by org.testng.reporters.JUnitXMLReporter -->
<testsuite hostname="Zafar" ignored="0" name="Test" tests="12" failures="1" timestamp="2023-04-10T16:13:22 IST" time="20.927" errors="0">
  <testcase name="testPosture" time="4.566" classname="api.test.DataDrivenTest"/>
  <testcase name="testPosture" time="3.36" classname="api.test.DataDrivenTest"/>
  <testcase name="testPosture" time="2.571" classname="api.test.DataDrivenTest"/>
  <testcase name="testDeleteUserName" time="0.0" classname="api.test.DataDrivenTest">
    <failure type="org.testng.TestNGException" message="
Method public void api.test.DataDrivenTest.testDeleteUserName(java.lang.String) requires a @DataProvider named : UserName">
      <![CDATA[org.testng.TestNGException: 
Method public void api.test.DataDrivenTest.testDeleteUserName(java.lang.String) requires a @DataProvider named : UserName
at java.util.ArrayList.forEach(ArrayList.java:1259)
... Removed 28 stack frames]]>
    </failure>
  </testcase> <!-- testDeleteUserName -->
  <testcase name="tes1" time="0.0" classname="api.test.DemoTest"/>
  <testcase name="tes2" time="0.0" classname="api.test.DemoTest"/>
  <testcase name="tes3" time="0.0" classname="api.test.DemoTest"/>
  <testcase name="tes4" time="0.0" classname="api.test.DemoTest"/>
  <testcase name="testPostUser" time="1.824" classname="api.test.UserTest"/>
  <testcase name="testGetUserByName" time="1.743" classname="api.test.UserTest"/>
  <testcase name="testUpdateByUserName" time="3.838" classname="api.test.UserTest"/>
  <testcase name="testDeleteByName" time="1.905" classname="api.test.UserTest"/>
</testsuite> <!-- Test -->
