<?xml version="1.0" encoding="UTF-8"?>
<testng-results skipped="0" failed="0" ignored="0" total="14" passed="14">
  <reporter-output>
  </reporter-output>
  <suite name="Suite" duration-ms="21676" started-at="2023-04-10T22:29:55 IST" finished-at="2023-04-10T22:30:17 IST">
    <groups>
      <group name="regration">
        <method signature="DataDrivenTest.testPosture(java.lang.String,java.lang.String,java.lang.String,java.lang.String,java.lang.String,java.lang.String,java.lang.String)[pri:0, instance:api.test.DataDrivenTest@4923ab24]" name="testPosture" class="api.test.DataDrivenTest"/>
      </group> <!-- regration -->
      <group name="senity">
        <method signature="DataDrivenTest.testPosture(java.lang.String,java.lang.String,java.lang.String,java.lang.String,java.lang.String,java.lang.String,java.lang.String)[pri:0, instance:api.test.DataDrivenTest@4923ab24]" name="testPosture" class="api.test.DataDrivenTest"/>
      </group> <!-- senity -->
    </groups>
    <test name="Test" duration-ms="21676" started-at="2023-04-10T22:29:55 IST" finished-at="2023-04-10T22:30:17 IST">
      <class name="api.test.UserTest">
        <test-method status="PASS" signature="setupData()[pri:0, instance:api.test.UserTest@50d0686]" name="setupData" is-config="true" duration-ms="295" started-at="2023-04-10T22:30:06 IST" finished-at="2023-04-10T22:30:06 IST">
          <reporter-output>
          </reporter-output>
        </test-method> <!-- setupData -->
        <test-method status="PASS" signature="testPostUser()[pri:1, instance:api.test.UserTest@50d0686]" name="testPostUser" duration-ms="2062" started-at="2023-04-10T22:30:06 IST" finished-at="2023-04-10T22:30:08 IST">
          <reporter-output>
          </reporter-output>
        </test-method> <!-- testPostUser -->
        <test-method status="PASS" signature="testGetUserByName()[pri:2, instance:api.test.UserTest@50d0686]" name="testGetUserByName" duration-ms="1971" started-at="2023-04-10T22:30:08 IST" finished-at="2023-04-10T22:30:10 IST">
          <reporter-output>
          </reporter-output>
        </test-method> <!-- testGetUserByName -->
        <test-method status="PASS" signature="testUpdateByUserName()[pri:3, instance:api.test.UserTest@50d0686]" name="testUpdateByUserName" duration-ms="4475" started-at="2023-04-10T22:30:10 IST" finished-at="2023-04-10T22:30:15 IST">
          <reporter-output>
          </reporter-output>
        </test-method> <!-- testUpdateByUserName -->
        <test-method status="PASS" signature="testDeleteByName()[pri:4, instance:api.test.UserTest@50d0686]" name="testDeleteByName" duration-ms="2197" started-at="2023-04-10T22:30:15 IST" finished-at="2023-04-10T22:30:17 IST">
          <reporter-output>
          </reporter-output>
        </test-method> <!-- testDeleteByName -->
      </class> <!-- api.test.UserTest -->
      <class name="api.test.DataDrivenTest">
        <test-method status="PASS" signature="run()[pri:0, instance:api.test.DataDrivenTest@4923ab24]" name="run" is-config="true" duration-ms="909" started-at="2023-04-10T22:29:55 IST" finished-at="2023-04-10T22:29:56 IST">
          <reporter-output>
          </reporter-output>
        </test-method> <!-- run -->
        <test-method status="PASS" signature="testPosture(java.lang.String,java.lang.String,java.lang.String,java.lang.String,java.lang.String,java.lang.String,java.lang.String)[pri:0, instance:api.test.DataDrivenTest@4923ab24]" name="testPosture" duration-ms="5076" started-at="2023-04-10T22:29:56 IST" data-provider="Data" finished-at="2023-04-10T22:30:01 IST">
          <params>
            <param index="0">
              <value>
                <![CDATA[1010]]>
              </value>
            </param>
            <param index="1">
              <value>
                <![CDATA[testuser1]]>
              </value>
            </param>
            <param index="2">
              <value>
                <![CDATA[zafar]]>
              </value>
            </param>
            <param index="3">
              <value>
                <![CDATA[ali]]>
              </value>
            </param>
            <param index="4">
              <value>
                <![CDATA[a@gmail.com]]>
              </value>
            </param>
            <param index="5">
              <value>
                <![CDATA[test@1]]>
              </value>
            </param>
            <param index="6">
              <value>
                <![CDATA[123456]]>
              </value>
            </param>
          </params>
          <reporter-output>
          </reporter-output>
        </test-method> <!-- testPosture -->
        <test-method status="PASS" signature="testPosture(java.lang.String,java.lang.String,java.lang.String,java.lang.String,java.lang.String,java.lang.String,java.lang.String)[pri:0, instance:api.test.DataDrivenTest@4923ab24]" name="testPosture" duration-ms="2142" started-at="2023-04-10T22:30:01 IST" data-provider="Data" finished-at="2023-04-10T22:30:04 IST">
          <params>
            <param index="0">
              <value>
                <![CDATA[1020]]>
              </value>
            </param>
            <param index="1">
              <value>
                <![CDATA[testuser2]]>
              </value>
            </param>
            <param index="2">
              <value>
                <![CDATA[samrath]]>
              </value>
            </param>
            <param index="3">
              <value>
                <![CDATA[alam]]>
              </value>
            </param>
            <param index="4">
              <value>
                <![CDATA[b@gmail.com]]>
              </value>
            </param>
            <param index="5">
              <value>
                <![CDATA[test@2]]>
              </value>
            </param>
            <param index="6">
              <value>
                <![CDATA[123654]]>
              </value>
            </param>
          </params>
          <reporter-output>
          </reporter-output>
        </test-method> <!-- testPosture -->
        <test-method status="PASS" signature="testPosture(java.lang.String,java.lang.String,java.lang.String,java.lang.String,java.lang.String,java.lang.String,java.lang.String)[pri:0, instance:api.test.DataDrivenTest@4923ab24]" name="testPosture" duration-ms="1916" started-at="2023-04-10T22:30:04 IST" data-provider="Data" finished-at="2023-04-10T22:30:06 IST">
          <params>
            <param index="0">
              <value>
                <![CDATA[1030]]>
              </value>
            </param>
            <param index="1">
              <value>
                <![CDATA[testuser3]]>
              </value>
            </param>
            <param index="2">
              <value>
                <![CDATA[shubham]]>
              </value>
            </param>
            <param index="3">
              <value>
                <![CDATA[khan]]>
              </value>
            </param>
            <param index="4">
              <value>
                <![CDATA[c@gmail.com]]>
              </value>
            </param>
            <param index="5">
              <value>
                <![CDATA[test@3]]>
              </value>
            </param>
            <param index="6">
              <value>
                <![CDATA[55699475]]>
              </value>
            </param>
          </params>
          <reporter-output>
          </reporter-output>
        </test-method> <!-- testPosture -->
        <test-method status="PASS" signature="testDeleteUserName(java.lang.String,java.lang.String,java.lang.String,java.lang.String,java.lang.String,java.lang.String,java.lang.String)[pri:2, instance:api.test.DataDrivenTest@4923ab24]" name="testDeleteUserName" duration-ms="1" started-at="2023-04-10T22:30:06 IST" data-provider="Data" finished-at="2023-04-10T22:30:06 IST">
          <params>
            <param index="0">
              <value>
                <![CDATA[1010]]>
              </value>
            </param>
            <param index="1">
              <value>
                <![CDATA[testuser1]]>
              </value>
            </param>
            <param index="2">
              <value>
                <![CDATA[zafar]]>
              </value>
            </param>
            <param index="3">
              <value>
                <![CDATA[ali]]>
              </value>
            </param>
            <param index="4">
              <value>
                <![CDATA[a@gmail.com]]>
              </value>
            </param>
            <param index="5">
              <value>
                <![CDATA[test@1]]>
              </value>
            </param>
            <param index="6">
              <value>
                <![CDATA[123456]]>
              </value>
            </param>
          </params>
          <reporter-output>
          </reporter-output>
        </test-method> <!-- testDeleteUserName -->
        <test-method status="PASS" signature="testDeleteUserName(java.lang.String,java.lang.String,java.lang.String,java.lang.String,java.lang.String,java.lang.String,java.lang.String)[pri:2, instance:api.test.DataDrivenTest@4923ab24]" name="testDeleteUserName" duration-ms="1" started-at="2023-04-10T22:30:06 IST" data-provider="Data" finished-at="2023-04-10T22:30:06 IST">
          <params>
            <param index="0">
              <value>
                <![CDATA[1020]]>
              </value>
            </param>
            <param index="1">
              <value>
                <![CDATA[testuser2]]>
              </value>
            </param>
            <param index="2">
              <value>
                <![CDATA[samrath]]>
              </value>
            </param>
            <param index="3">
              <value>
                <![CDATA[alam]]>
              </value>
            </param>
            <param index="4">
              <value>
                <![CDATA[b@gmail.com]]>
              </value>
            </param>
            <param index="5">
              <value>
                <![CDATA[test@2]]>
              </value>
            </param>
            <param index="6">
              <value>
                <![CDATA[123654]]>
              </value>
            </param>
          </params>
          <reporter-output>
          </reporter-output>
        </test-method> <!-- testDeleteUserName -->
        <test-method status="PASS" signature="testDeleteUserName(java.lang.String,java.lang.String,java.lang.String,java.lang.String,java.lang.String,java.lang.String,java.lang.String)[pri:2, instance:api.test.DataDrivenTest@4923ab24]" name="testDeleteUserName" duration-ms="1" started-at="2023-04-10T22:30:06 IST" data-provider="Data" finished-at="2023-04-10T22:30:06 IST">
          <params>
            <param index="0">
              <value>
                <![CDATA[1030]]>
              </value>
            </param>
            <param index="1">
              <value>
                <![CDATA[testuser3]]>
              </value>
            </param>
            <param index="2">
              <value>
                <![CDATA[shubham]]>
              </value>
            </param>
            <param index="3">
              <value>
                <![CDATA[khan]]>
              </value>
            </param>
            <param index="4">
              <value>
                <![CDATA[c@gmail.com]]>
              </value>
            </param>
            <param index="5">
              <value>
                <![CDATA[test@3]]>
              </value>
            </param>
            <param index="6">
              <value>
                <![CDATA[55699475]]>
              </value>
            </param>
          </params>
          <reporter-output>
          </reporter-output>
        </test-method> <!-- testDeleteUserName -->
      </class> <!-- api.test.DataDrivenTest -->
      <class name="api.test.DemoTest">
        <test-method status="PASS" signature="initiallizeUtility()[pri:0, instance:api.test.DemoTest@371a67ec]" name="initiallizeUtility" is-config="true" duration-ms="153" started-at="2023-04-10T22:30:06 IST" finished-at="2023-04-10T22:30:06 IST">
          <reporter-output>
          </reporter-output>
        </test-method> <!-- initiallizeUtility -->
        <test-method status="PASS" signature="tes1()[pri:0, instance:api.test.DemoTest@371a67ec]" name="tes1" duration-ms="1" started-at="2023-04-10T22:30:06 IST" finished-at="2023-04-10T22:30:06 IST">
          <reporter-output>
          </reporter-output>
        </test-method> <!-- tes1 -->
        <test-method status="PASS" signature="tes2()[pri:0, instance:api.test.DemoTest@371a67ec]" name="tes2" duration-ms="1" started-at="2023-04-10T22:30:06 IST" finished-at="2023-04-10T22:30:06 IST">
          <reporter-output>
          </reporter-output>
        </test-method> <!-- tes2 -->
        <test-method status="PASS" signature="tes3()[pri:0, instance:api.test.DemoTest@371a67ec]" name="tes3" duration-ms="1" started-at="2023-04-10T22:30:06 IST" finished-at="2023-04-10T22:30:06 IST">
          <reporter-output>
          </reporter-output>
        </test-method> <!-- tes3 -->
        <test-method status="PASS" signature="tes4()[pri:0, instance:api.test.DemoTest@371a67ec]" name="tes4" duration-ms="1" started-at="2023-04-10T22:30:06 IST" finished-at="2023-04-10T22:30:06 IST">
          <reporter-output>
          </reporter-output>
        </test-method> <!-- tes4 -->
      </class> <!-- api.test.DemoTest -->
    </test> <!-- Test -->
  </suite> <!-- Suite -->
</testng-results>
