<?xml version="1.0" encoding="UTF-8"?>
<testsuite xmlns:xsi="http://www.w3.org/2001/XMLSchema-instance" xsi:noNamespaceSchemaLocation="https://maven.apache.org/surefire/maven-surefire-plugin/xsd/surefire-test-report-3.0.xsd" version="3.0" name="TestSuite" time="23.321" tests="14" errors="0" skipped="0" failures="0">
  <properties>
[...]
</properties>
  <testcase name="testPosture[1010, testuser1, zafar, ali, a@gmail.com, test@1, 123456](1)" classname="api.test.DataDrivenTest" time="5.072">
    <system-out><![CDATA[onStart--> Test
testuser1
testuser1
onTestStart
zafar
[Ljava.lang.String;@31bcf236
testuser1
HTTP/1.1 200 OK
Date: Mon, 10 Apr 2023 17:00:04 GMT
Content-Type: application/json
Transfer-Encoding: chunked
Connection: keep-alive
Access-Control-Allow-Origin: *
Access-Control-Allow-Methods: GET, POST, DELETE, PUT
Access-Control-Allow-Headers: Content-Type, api_key, Authorization
Server: Jetty(9.2.9.v20150224)

{
    "code": 200,
    "type": "unknown",
    "message": "1010"
}
onTestSuccess
testPosture is Pass
]]></system-out>
    <system-err><![CDATA[ERROR StatusLogger Log4j2 could not find a logging implementation. Please add log4j-core to the classpath. Using SimpleLogger to log to the console...
SLF4J: No SLF4J providers were found.
SLF4J: Defaulting to no-operation (NOP) logger implementation
SLF4J: See https://www.slf4j.org/codes.html#noProviders for further details.
]]></system-err>
  </testcase>
  <testcase name="testPosture[1020, testuser2, samrath, alam, b@gmail.com, test@2, 123654](2)" classname="api.test.DataDrivenTest" time="2.127">
    <system-out><![CDATA[onTestStart
zafar
[Ljava.lang.String;@54d8c20d
testuser2
HTTP/1.1 200 OK
Date: Mon, 10 Apr 2023 17:00:06 GMT
Content-Type: application/json
Transfer-Encoding: chunked
Connection: keep-alive
Access-Control-Allow-Origin: *
Access-Control-Allow-Methods: GET, POST, DELETE, PUT
Access-Control-Allow-Headers: Content-Type, api_key, Authorization
Server: Jetty(9.2.9.v20150224)

{
    "code": 200,
    "type": "unknown",
    "message": "1020"
}
onTestSuccess
testPosture is Pass
]]></system-out>
  </testcase>
  <testcase name="testPosture[1030, testuser3, shubham, khan, c@gmail.com, test@3, 55699475](3)" classname="api.test.DataDrivenTest" time="1.903">
    <system-out><![CDATA[onTestStart
zafar
[Ljava.lang.String;@46349b95
testuser3
HTTP/1.1 200 OK
Date: Mon, 10 Apr 2023 17:00:08 GMT
Content-Type: application/json
Transfer-Encoding: chunked
Connection: keep-alive
Access-Control-Allow-Origin: *
Access-Control-Allow-Methods: GET, POST, DELETE, PUT
Access-Control-Allow-Headers: Content-Type, api_key, Authorization
Server: Jetty(9.2.9.v20150224)

{
    "code": 200,
    "type": "unknown",
    "message": "1030"
}
onTestSuccess
testPosture is Pass
]]></system-out>
  </testcase>
  <testcase name="testDeleteUserName[1010, testuser1, zafar, ali, a@gmail.com, test@1, 123456](1)" classname="api.test.DataDrivenTest" time="0.001">
    <system-out><![CDATA[testuser1
onTestStart
zafar
[Ljava.lang.String;@268cbb86
testuser1
onTestSuccess
testDeleteUserName is Pass
]]></system-out>
  </testcase>
  <testcase name="testDeleteUserName[1020, testuser2, samrath, alam, b@gmail.com, test@2, 123654](2)" classname="api.test.DataDrivenTest" time="0.001">
    <system-out><![CDATA[onTestStart
zafar
[Ljava.lang.String;@64d4f7c7
testuser2
onTestSuccess
testDeleteUserName is Pass
]]></system-out>
  </testcase>
  <testcase name="testDeleteUserName[1030, testuser3, shubham, khan, c@gmail.com, test@3, 55699475](3)" classname="api.test.DataDrivenTest" time="0.001">
    <system-out><![CDATA[onTestStart
zafar
[Ljava.lang.String;@17f3eefb
testuser3
onTestSuccess
testDeleteUserName is Pass
]]></system-out>
  </testcase>
  <testcase name="tes1" classname="api.test.DemoTest" time="0.001">
    <system-out><![CDATA[onTestStart
zafar
[Ljava.lang.String;@6edf29c1
test 1
onTestSuccess
tes1 is Pass
]]></system-out>
  </testcase>
  <testcase name="tes2" classname="api.test.DemoTest" time="0.001">
    <system-out><![CDATA[onTestStart
zafar
[Ljava.lang.String;@66b59b7d
test 2
onTestSuccess
tes2 is Pass
]]></system-out>
  </testcase>
  <testcase name="tes3" classname="api.test.DemoTest" time="0">
    <system-out><![CDATA[onTestStart
zafar
[Ljava.lang.String;@4437ac07
test 3
onTestSuccess
tes3 is Pass
]]></system-out>
  </testcase>
  <testcase name="tes4" classname="api.test.DemoTest" time="0.001">
    <system-out><![CDATA[onTestStart
zafar
[Ljava.lang.String;@753aca85
test 4
onTestSuccess
tes4 is Pass
]]></system-out>
  </testcase>
  <testcase name="testPostUser" classname="api.test.UserTest" time="2.063">
    <system-out><![CDATA[alex.heaney
onTestStart
zafar
[Ljava.lang.String;@1ed9d173
HTTP/1.1 200 OK
Date: Mon, 10 Apr 2023 17:00:11 GMT
Content-Type: application/json
Transfer-Encoding: chunked
Connection: keep-alive
Access-Control-Allow-Origin: *
Access-Control-Allow-Methods: GET, POST, DELETE, PUT
Access-Control-Allow-Headers: Content-Type, api_key, Authorization
Server: Jetty(9.2.9.v20150224)

{
    "code": 200,
    "type": "unknown",
    "message": "1249890505"
}
onTestSuccess
testPostUser is Pass
]]></system-out>
  </testcase>
  <testcase name="testGetUserByName" classname="api.test.UserTest" time="1.966">
    <system-out><![CDATA[onTestStart
zafar
[Ljava.lang.String;@ff5d4f1
2-->alex.heaney
HTTP/1.1 200 OK
Date: Mon, 10 Apr 2023 17:00:13 GMT
Content-Type: application/json
Transfer-Encoding: chunked
Connection: keep-alive
Access-Control-Allow-Origin: *
Access-Control-Allow-Methods: GET, POST, DELETE, PUT
Access-Control-Allow-Headers: Content-Type, api_key, Authorization
Server: Jetty(9.2.9.v20150224)

{
    "id": 1249890505,
    "username": "alex.heaney",
    "email": "elroy.bins@example.com",
    "password": "ogwzdj5v",
    "phone": "700-029-9858",
    "userStatus": 0
}
onTestSuccess
testGetUserByName is Pass
]]></system-out>
  </testcase>
  <testcase name="testUpdateByUserName" classname="api.test.UserTest" time="4.472">
    <system-out><![CDATA[onTestStart
zafar
[Ljava.lang.String;@402a69f
3-->alex.heaney
HTTP/1.1 200 OK
Date: Mon, 10 Apr 2023 17:00:15 GMT
Content-Type: application/json
Transfer-Encoding: chunked
Connection: keep-alive
Access-Control-Allow-Origin: *
Access-Control-Allow-Methods: GET, POST, DELETE, PUT
Access-Control-Allow-Headers: Content-Type, api_key, Authorization
Server: Jetty(9.2.9.v20150224)

{
    "code": 200,
    "type": "unknown",
    "message": "1249890505"
}
onTestSuccess
testUpdateByUserName is Pass
]]></system-out>
  </testcase>
  <testcase name="testDeleteByName" classname="api.test.UserTest" time="2.197">
    <system-out><![CDATA[onTestStart
zafar
[Ljava.lang.String;@3fd33f48
4-->alex.heaney
onTestSuccess
testDeleteByName is Pass
]]></system-out>
  </testcase>
</testsuite>