<?xml version="1.0" encoding="UTF-8"?>
<testng-results skipped="0" failed="1" ignored="0" total="12" passed="11">
  <reporter-output>
  </reporter-output>
  <suite name="Suite" duration-ms="20927" started-at="2023-04-10T16:13:01 IST" finished-at="2023-04-10T16:13:22 IST">
    <groups>
      <group name="regration">
        <method signature="DataDrivenTest.testPosture(java.lang.String,java.lang.String,java.lang.String,java.lang.String,java.lang.String,java.lang.String,java.lang.String)[pri:0, instance:api.test.DataDrivenTest@4923ab24]" name="testPosture" class="api.test.DataDrivenTest"/>
      </group> <!-- regration -->
      <group name="senity">
        <method signature="DataDrivenTest.testPosture(java.lang.String,java.lang.String,java.lang.String,java.lang.String,java.lang.String,java.lang.String,java.lang.String)[pri:0, instance:api.test.DataDrivenTest@4923ab24]" name="testPosture" class="api.test.DataDrivenTest"/>
      </group> <!-- senity -->
    </groups>
    <test name="Test" duration-ms="20927" started-at="2023-04-10T16:13:01 IST" finished-at="2023-04-10T16:13:22 IST">
      <class name="api.test.UserTest">
        <test-method status="PASS" signature="setupData()[pri:0, instance:api.test.UserTest@50d0686]" name="setupData" is-config="true" duration-ms="156" started-at="2023-04-10T16:13:13 IST" finished-at="2023-04-10T16:13:13 IST">
          <reporter-output>
          </reporter-output>
        </test-method> <!-- setupData -->
        <test-method status="PASS" signature="testPostUser()[pri:1, instance:api.test.UserTest@50d0686]" name="testPostUser" duration-ms="1824" started-at="2023-04-10T16:13:13 IST" finished-at="2023-04-10T16:13:15 IST">
          <reporter-output>
          </reporter-output>
        </test-method> <!-- testPostUser -->
        <test-method status="PASS" signature="testGetUserByName()[pri:2, instance:api.test.UserTest@50d0686]" name="testGetUserByName" duration-ms="1743" started-at="2023-04-10T16:13:15 IST" finished-at="2023-04-10T16:13:16 IST">
          <reporter-output>
          </reporter-output>
        </test-method> <!-- testGetUserByName -->
        <test-method status="PASS" signature="testUpdateByUserName()[pri:3, instance:api.test.UserTest@50d0686]" name="testUpdateByUserName" duration-ms="3838" started-at="2023-04-10T16:13:16 IST" finished-at="2023-04-10T16:13:20 IST">
          <reporter-output>
          </reporter-output>
        </test-method> <!-- testUpdateByUserName -->
        <test-method status="PASS" signature="testDeleteByName()[pri:4, instance:api.test.UserTest@50d0686]" name="testDeleteByName" duration-ms="1905" started-at="2023-04-10T16:13:20 IST" finished-at="2023-04-10T16:13:22 IST">
          <reporter-output>
          </reporter-output>
        </test-method> <!-- testDeleteByName -->
      </class> <!-- api.test.UserTest -->
      <class name="api.test.DataDrivenTest">
        <test-method status="PASS" signature="run()[pri:0, instance:api.test.DataDrivenTest@4923ab24]" name="run" is-config="true" duration-ms="601" started-at="2023-04-10T16:13:01 IST" finished-at="2023-04-10T16:13:02 IST">
          <reporter-output>
          </reporter-output>
        </test-method> <!-- run -->
        <test-method status="PASS" signature="testPosture(java.lang.String,java.lang.String,java.lang.String,java.lang.String,java.lang.String,java.lang.String,java.lang.String)[pri:0, instance:api.test.DataDrivenTest@4923ab24]" name="testPosture" duration-ms="4566" started-at="2023-04-10T16:13:02 IST" data-provider="Data" finished-at="2023-04-10T16:13:07 IST">
          <params>
            <param index="0">
              <value>
                <![CDATA[1010]]>
              </value>
            </param>
            <param index="1">
              <value>
                <![CDATA[testuser1]]>
              </value>
            </param>
            <param index="2">
              <value>
                <![CDATA[zafar]]>
              </value>
            </param>
            <param index="3">
              <value>
                <![CDATA[ali]]>
              </value>
            </param>
            <param index="4">
              <value>
                <![CDATA[a@gmail.com]]>
              </value>
            </param>
            <param index="5">
              <value>
                <![CDATA[test@1]]>
              </value>
            </param>
            <param index="6">
              <value>
                <![CDATA[123456]]>
              </value>
            </param>
          </params>
          <reporter-output>
          </reporter-output>
        </test-method> <!-- testPosture -->
        <test-method status="PASS" signature="testPosture(java.lang.String,java.lang.String,java.lang.String,java.lang.String,java.lang.String,java.lang.String,java.lang.String)[pri:0, instance:api.test.DataDrivenTest@4923ab24]" name="testPosture" duration-ms="3360" started-at="2023-04-10T16:13:07 IST" data-provider="Data" finished-at="2023-04-10T16:13:10 IST">
          <params>
            <param index="0">
              <value>
                <![CDATA[1020]]>
              </value>
            </param>
            <param index="1">
              <value>
                <![CDATA[testuser2]]>
              </value>
            </param>
            <param index="2">
              <value>
                <![CDATA[samrath]]>
              </value>
            </param>
            <param index="3">
              <value>
                <![CDATA[alam]]>
              </value>
            </param>
            <param index="4">
              <value>
                <![CDATA[b@gmail.com]]>
              </value>
            </param>
            <param index="5">
              <value>
                <![CDATA[test@2]]>
              </value>
            </param>
            <param index="6">
              <value>
                <![CDATA[123654]]>
              </value>
            </param>
          </params>
          <reporter-output>
          </reporter-output>
        </test-method> <!-- testPosture -->
        <test-method status="PASS" signature="testPosture(java.lang.String,java.lang.String,java.lang.String,java.lang.String,java.lang.String,java.lang.String,java.lang.String)[pri:0, instance:api.test.DataDrivenTest@4923ab24]" name="testPosture" duration-ms="2571" started-at="2023-04-10T16:13:10 IST" data-provider="Data" finished-at="2023-04-10T16:13:13 IST">
          <params>
            <param index="0">
              <value>
                <![CDATA[1030]]>
              </value>
            </param>
            <param index="1">
              <value>
                <![CDATA[testuser3]]>
              </value>
            </param>
            <param index="2">
              <value>
                <![CDATA[shubham]]>
              </value>
            </param>
            <param index="3">
              <value>
                <![CDATA[khan]]>
              </value>
            </param>
            <param index="4">
              <value>
                <![CDATA[c@gmail.com]]>
              </value>
            </param>
            <param index="5">
              <value>
                <![CDATA[test@3]]>
              </value>
            </param>
            <param index="6">
              <value>
                <![CDATA[55699475]]>
              </value>
            </param>
          </params>
          <reporter-output>
          </reporter-output>
        </test-method> <!-- testPosture -->
        <test-method status="FAIL" signature="testDeleteUserName(java.lang.String)[pri:2, instance:api.test.DataDrivenTest@4923ab24]" name="testDeleteUserName" duration-ms="0" started-at="2023-04-10T16:13:13 IST" finished-at="2023-04-10T16:13:13 IST">
          <exception class="org.testng.TestNGException">
            <message>
              <![CDATA[
Method public void api.test.DataDrivenTest.testDeleteUserName(java.lang.String) requires a @DataProvider named : UserName]]>
            </message>
            <full-stacktrace>
              <![CDATA[org.testng.TestNGException: 
Method public void api.test.DataDrivenTest.testDeleteUserName(java.lang.String) requires a @DataProvider named : UserName
at org.testng.internal.Parameters.findDataProvider(Parameters.java:561)
at org.testng.internal.Parameters.handleParameters(Parameters.java:772)
at org.testng.internal.Parameters.handleParameters(Parameters.java:740)
at org.testng.internal.ParameterHandler.handleParameters(ParameterHandler.java:59)
at org.testng.internal.ParameterHandler.createParameters(ParameterHandler.java:38)
at org.testng.internal.TestInvoker$MethodInvocationAgent.invoke(TestInvoker.java:791)
at org.testng.internal.TestInvoker.invokeTestMethods(TestInvoker.java:146)
at org.testng.internal.TestMethodWorker.invokeTestMethods(TestMethodWorker.java:146)
at org.testng.internal.TestMethodWorker.run(TestMethodWorker.java:128)
at java.util.ArrayList.forEach(ArrayList.java:1259)
at org.testng.TestRunner.privateRun(TestRunner.java:794)
at org.testng.TestRunner.run(TestRunner.java:596)
at org.testng.SuiteRunner.runTest(SuiteRunner.java:377)
at org.testng.SuiteRunner.runSequentially(SuiteRunner.java:371)
at org.testng.SuiteRunner.privateRun(SuiteRunner.java:332)
at org.testng.SuiteRunner.run(SuiteRunner.java:276)
at org.testng.SuiteRunnerWorker.runSuite(SuiteRunnerWorker.java:53)
at org.testng.SuiteRunnerWorker.run(SuiteRunnerWorker.java:96)
at org.testng.TestNG.runSuitesSequentially(TestNG.java:1212)
at org.testng.TestNG.runSuitesLocally(TestNG.java:1134)
at org.testng.TestNG.runSuites(TestNG.java:1063)
at org.testng.TestNG.run(TestNG.java:1031)
at org.apache.maven.surefire.testng.TestNGExecutor.run(TestNGExecutor.java:324)
at org.apache.maven.surefire.testng.TestNGXmlTestSuite.execute(TestNGXmlTestSuite.java:74)
at org.apache.maven.surefire.testng.TestNGProvider.invoke(TestNGProvider.java:123)
at org.apache.maven.surefire.booter.ForkedBooter.runSuitesInProcess(ForkedBooter.java:456)
at org.apache.maven.surefire.booter.ForkedBooter.execute(ForkedBooter.java:169)
at org.apache.maven.surefire.booter.ForkedBooter.run(ForkedBooter.java:595)
at org.apache.maven.surefire.booter.ForkedBooter.main(ForkedBooter.java:581)
]]>
            </full-stacktrace>
          </exception> <!-- org.testng.TestNGException -->
          <reporter-output>
          </reporter-output>
        </test-method> <!-- testDeleteUserName -->
      </class> <!-- api.test.DataDrivenTest -->
      <class name="api.test.DemoTest">
        <test-method status="PASS" signature="initiallizeUtility()[pri:0, instance:api.test.DemoTest@371a67ec]" name="initiallizeUtility" is-config="true" duration-ms="109" started-at="2023-04-10T16:13:13 IST" finished-at="2023-04-10T16:13:13 IST">
          <reporter-output>
          </reporter-output>
        </test-method> <!-- initiallizeUtility -->
        <test-method status="PASS" signature="tes2()[pri:0, instance:api.test.DemoTest@371a67ec]" name="tes2" duration-ms="0" started-at="2023-04-10T16:13:13 IST" finished-at="2023-04-10T16:13:13 IST">
          <reporter-output>
          </reporter-output>
        </test-method> <!-- tes2 -->
        <test-method status="PASS" signature="tes3()[pri:0, instance:api.test.DemoTest@371a67ec]" name="tes3" duration-ms="0" started-at="2023-04-10T16:13:13 IST" finished-at="2023-04-10T16:13:13 IST">
          <reporter-output>
          </reporter-output>
        </test-method> <!-- tes3 -->
        <test-method status="PASS" signature="tes1()[pri:0, instance:api.test.DemoTest@371a67ec]" name="tes1" duration-ms="0" started-at="2023-04-10T16:13:13 IST" finished-at="2023-04-10T16:13:13 IST">
          <reporter-output>
          </reporter-output>
        </test-method> <!-- tes1 -->
        <test-method status="PASS" signature="tes4()[pri:0, instance:api.test.DemoTest@371a67ec]" name="tes4" duration-ms="0" started-at="2023-04-10T16:13:13 IST" finished-at="2023-04-10T16:13:13 IST">
          <reporter-output>
          </reporter-output>
        </test-method> <!-- tes4 -->
      </class> <!-- api.test.DemoTest -->
    </test> <!-- Test -->
  </suite> <!-- Suite -->
</testng-results>
