<?xml version="1.0" encoding="UTF-8"?>
<testng-results retried="2" ignored="0" total="2" passed="0" failed="0" skipped="0">
  <reporter-output>
  </reporter-output>
  <suite started-at="2023-03-13T10:10:33 IST" name="Suite" finished-at="2023-03-13T10:10:48 IST" duration-ms="14505">
    <groups>
      <group name="regration">
        <method signature="Client_EditClients.clientEditClient()[pri:0, instance:org.domain.lims_project.Clients.Client_EditClients@3e11f9e9]" name="clientEditClient" class="org.domain.lims_project.Clients.Client_EditClients"/>
      </group> <!-- regration -->
      <group name="senity">
        <method signature="Client_EditClients.clientEditClient()[pri:0, instance:org.domain.lims_project.Clients.Client_EditClients@3e11f9e9]" name="clientEditClient" class="org.domain.lims_project.Clients.Client_EditClients"/>
        <method signature="Clients_Add_Client.clients_Add_Client()[pri:0, instance:org.domain.lims_project.Clients.Clients_Add_Client@3c7f66c4]" name="clients_Add_Client" class="org.domain.lims_project.Clients.Clients_Add_Client"/>
      </group> <!-- senity -->
    </groups>
    <test started-at="2023-03-13T10:10:33 IST" name="Test" finished-at="2023-03-13T10:10:48 IST" duration-ms="14505">
      <class name="org.domain.lims_project.Clients.Client_EditClients">
        <test-method is-config="true" signature="initiallizeUtility(java.lang.String)[pri:0, instance:org.domain.lims_project.Clients.Client_EditClients@3e11f9e9]" started-at="2023-03-13T10:10:33 IST" name="initiallizeUtility" finished-at="2023-03-13T10:10:38 IST" duration-ms="5055" status="PASS">
          <params>
            <param index="0">
              <value>
                <![CDATA[chrome]]>
              </value>
            </param>
          </params>
          <reporter-output>
          </reporter-output>
        </test-method> <!-- initiallizeUtility -->
        <test-method is-config="true" signature="loginApp()[pri:0, instance:org.domain.lims_project.Clients.Client_EditClients@3e11f9e9]" started-at="2023-03-13T10:10:38 IST" name="loginApp" finished-at="2023-03-13T10:10:39 IST" duration-ms="688" status="PASS">
          <reporter-output>
          </reporter-output>
        </test-method> <!-- loginApp -->
        <test-method is-config="true" signature="tearDown()[pri:0, instance:org.domain.lims_project.Clients.Client_EditClients@3e11f9e9]" started-at="2023-03-13T10:10:40 IST" name="tearDown" finished-at="2023-03-13T10:10:40 IST" duration-ms="295" status="PASS">
          <reporter-output>
          </reporter-output>
        </test-method> <!-- tearDown -->
      </class> <!-- org.domain.lims_project.Clients.Client_EditClients -->
      <class name="org.domain.lims_project.Clients.Clients_Add_Client">
        <test-method is-config="true" signature="initiallizeUtility(java.lang.String)[pri:0, instance:org.domain.lims_project.Clients.Clients_Add_Client@3c7f66c4]" started-at="2023-03-13T10:10:33 IST" name="initiallizeUtility" finished-at="2023-03-13T10:10:38 IST" duration-ms="5089" status="PASS">
          <params>
            <param index="0">
              <value>
                <![CDATA[chrome]]>
              </value>
            </param>
          </params>
          <reporter-output>
          </reporter-output>
        </test-method> <!-- initiallizeUtility -->
        <test-method is-config="true" signature="loginApp()[pri:0, instance:org.domain.lims_project.Clients.Clients_Add_Client@3c7f66c4]" started-at="2023-03-13T10:10:38 IST" name="loginApp" finished-at="2023-03-13T10:10:39 IST" duration-ms="661" status="PASS">
          <reporter-output>
          </reporter-output>
        </test-method> <!-- loginApp -->
        <test-method retried="true" signature="clients_Add_Client()[pri:0, instance:org.domain.lims_project.Clients.Clients_Add_Client@3c7f66c4]" started-at="2023-03-13T10:10:39 IST" name="clients_Add_Client" finished-at="2023-03-13T10:10:42 IST" duration-ms="2673" status="SKIP">
          <exception class="java.lang.NullPointerException">
            <message>
              <![CDATA[Cannot invoke "com.tyss.genricUtility.Miscl.VerificationUtility.tableVerifationData(java.util.List, String)" because "verificationUtility" is null]]>
            </message>
            <full-stacktrace>
              <![CDATA[java.lang.NullPointerException: Cannot invoke "com.tyss.genricUtility.Miscl.VerificationUtility.tableVerifationData(java.util.List, String)" because "verificationUtility" is null
at com.tyss.genricUtility.ObjectRepository.AddClientsPage.verifyAddClients(AddClientsPage.java:71)
at org.domain.lims_project.Clients.Clients_Add_Client.clients_Add_Client(Clients_Add_Client.java:40)
at java.base/jdk.internal.reflect.NativeMethodAccessorImpl.invoke0(Native Method)
at java.base/jdk.internal.reflect.NativeMethodAccessorImpl.invoke(NativeMethodAccessorImpl.java:78)
at java.base/jdk.internal.reflect.DelegatingMethodAccessorImpl.invoke(DelegatingMethodAccessorImpl.java:43)
at java.base/java.lang.reflect.Method.invoke(Method.java:567)
at org.testng.internal.MethodInvocationHelper.invokeMethod(MethodInvocationHelper.java:133)
at org.testng.internal.TestInvoker.invokeMethod(TestInvoker.java:598)
at org.testng.internal.TestInvoker.invokeTestMethod(TestInvoker.java:173)
at org.testng.internal.MethodRunner.runInSequence(MethodRunner.java:46)
at org.testng.internal.TestInvoker$MethodInvocationAgent.invoke(TestInvoker.java:824)
at org.testng.internal.TestInvoker.invokeTestMethods(TestInvoker.java:146)
at org.testng.internal.TestMethodWorker.invokeTestMethods(TestMethodWorker.java:146)
at org.testng.internal.TestMethodWorker.run(TestMethodWorker.java:128)
at java.base/java.util.concurrent.ThreadPoolExecutor.runWorker(ThreadPoolExecutor.java:1130)
at java.base/java.util.concurrent.ThreadPoolExecutor$Worker.run(ThreadPoolExecutor.java:630)
at java.base/java.lang.Thread.run(Thread.java:831)
]]>
            </full-stacktrace>
          </exception> <!-- java.lang.NullPointerException -->
          <reporter-output>
          </reporter-output>
        </test-method> <!-- clients_Add_Client -->
        <test-method is-config="true" signature="LogoutApp()[pri:0, instance:org.domain.lims_project.Clients.Clients_Add_Client@3c7f66c4]" started-at="2023-03-13T10:10:42 IST" name="LogoutApp" finished-at="2023-03-13T10:10:42 IST" duration-ms="151" status="PASS">
          <reporter-output>
          </reporter-output>
        </test-method> <!-- LogoutApp -->
        <test-method is-config="true" signature="loginApp()[pri:0, instance:org.domain.lims_project.Clients.Clients_Add_Client@3c7f66c4]" started-at="2023-03-13T10:10:42 IST" name="loginApp" finished-at="2023-03-13T10:10:42 IST" duration-ms="312" status="PASS">
          <reporter-output>
          </reporter-output>
        </test-method> <!-- loginApp -->
        <test-method retried="true" signature="clients_Add_Client()[pri:0, instance:org.domain.lims_project.Clients.Clients_Add_Client@3c7f66c4]" started-at="2023-03-13T10:10:42 IST" name="clients_Add_Client" finished-at="2023-03-13T10:10:44 IST" duration-ms="2038" status="SKIP">
          <exception class="java.lang.NullPointerException">
            <message>
              <![CDATA[Cannot invoke "com.tyss.genricUtility.Miscl.VerificationUtility.tableVerifationData(java.util.List, String)" because "verificationUtility" is null]]>
            </message>
            <full-stacktrace>
              <![CDATA[java.lang.NullPointerException: Cannot invoke "com.tyss.genricUtility.Miscl.VerificationUtility.tableVerifationData(java.util.List, String)" because "verificationUtility" is null
at com.tyss.genricUtility.ObjectRepository.AddClientsPage.verifyAddClients(AddClientsPage.java:71)
at org.domain.lims_project.Clients.Clients_Add_Client.clients_Add_Client(Clients_Add_Client.java:40)
at java.base/jdk.internal.reflect.NativeMethodAccessorImpl.invoke0(Native Method)
at java.base/jdk.internal.reflect.NativeMethodAccessorImpl.invoke(NativeMethodAccessorImpl.java:78)
at java.base/jdk.internal.reflect.DelegatingMethodAccessorImpl.invoke(DelegatingMethodAccessorImpl.java:43)
at java.base/java.lang.reflect.Method.invoke(Method.java:567)
at org.testng.internal.MethodInvocationHelper.invokeMethod(MethodInvocationHelper.java:133)
at org.testng.internal.TestInvoker.invokeMethod(TestInvoker.java:598)
at org.testng.internal.TestInvoker.retryFailed(TestInvoker.java:213)
at org.testng.internal.MethodRunner.runInSequence(MethodRunner.java:58)
at org.testng.internal.TestInvoker$MethodInvocationAgent.invoke(TestInvoker.java:824)
at org.testng.internal.TestInvoker.invokeTestMethods(TestInvoker.java:146)
at org.testng.internal.TestMethodWorker.invokeTestMethods(TestMethodWorker.java:146)
at org.testng.internal.TestMethodWorker.run(TestMethodWorker.java:128)
at java.base/java.util.concurrent.ThreadPoolExecutor.runWorker(ThreadPoolExecutor.java:1130)
at java.base/java.util.concurrent.ThreadPoolExecutor$Worker.run(ThreadPoolExecutor.java:630)
at java.base/java.lang.Thread.run(Thread.java:831)
]]>
            </full-stacktrace>
          </exception> <!-- java.lang.NullPointerException -->
          <reporter-output>
          </reporter-output>
        </test-method> <!-- clients_Add_Client -->
        <test-method is-config="true" signature="LogoutApp()[pri:0, instance:org.domain.lims_project.Clients.Clients_Add_Client@3c7f66c4]" started-at="2023-03-13T10:10:44 IST" name="LogoutApp" finished-at="2023-03-13T10:10:44 IST" duration-ms="134" status="PASS">
          <reporter-output>
          </reporter-output>
        </test-method> <!-- LogoutApp -->
        <test-method is-config="true" signature="loginApp()[pri:0, instance:org.domain.lims_project.Clients.Clients_Add_Client@3c7f66c4]" started-at="2023-03-13T10:10:44 IST" name="loginApp" finished-at="2023-03-13T10:10:45 IST" duration-ms="418" status="PASS">
          <reporter-output>
          </reporter-output>
        </test-method> <!-- loginApp -->
        <test-method is-config="true" signature="tearDown()[pri:0, instance:org.domain.lims_project.Clients.Clients_Add_Client@3c7f66c4]" started-at="2023-03-13T10:10:47 IST" name="tearDown" finished-at="2023-03-13T10:10:48 IST" duration-ms="296" status="PASS">
          <reporter-output>
          </reporter-output>
        </test-method> <!-- tearDown -->
      </class> <!-- org.domain.lims_project.Clients.Clients_Add_Client -->
    </test> <!-- Test -->
  </suite> <!-- Suite -->
</testng-results>
