<?xml version="1.0" encoding="UTF-8"?>
<!-- Generated by org.testng.reporters.JUnitReportReporter -->
<testsuite skipped="0" hostname="Zafar" name="api.test.DemoTest" tests="4" failures="0" timestamp="2023-04-10T22:30:17 IST" time="0.004" errors="0">
  <testcase name="tes2" time="0.001" classname="api.test.DemoTest"/>
  <system-out/>
  <testcase name="tes3" time="0.001" classname="api.test.DemoTest"/>
  <system-out/>
  <testcase name="tes4" time="0.001" classname="api.test.DemoTest"/>
  <system-out/>
  <testcase name="tes1" time="0.001" classname="api.test.DemoTest"/>
  <system-out/>
</testsuite> <!-- api.test.DemoTest -->
